/root/baseLeon
/root/baseLeon
/root/baseLeon
/root/baseLeon
/root/baseLeon
/root/baseLeon
/root/baseLeon
/root/baseLeon
/root/baseLeon
/root/baseLeon
/root/baseLeon
/root/baseLeon
/root/baseLeon
/root/baseLeon
/root/baseLeon
/root/baseLeon
/root/baseLeon
/root/baseLeon
/root/baseLeon
/root/baseLeon
/root/baseLeon
/root/baseLeon
/root/baseLeon
/root/baseLeon
/root/baseLeon
/root/baseLeon
/root/baseLeon
/root/baseLeon
Performing system checks...

System check identified no issues (0 silenced).
December 08, 2022 - 20:44:24
Django version 4.0.2, using settings 'config.settings'
Starting development server at http://0:8000/
Quit the server with CONTROL-C.
/root/baseLeon
/root/baseLeon
/root/baseLeon
/root/baseLeon
/root/baseLeon
/root/baseLeon
/root/baseLeon
/root/baseLeon
/root/baseLeon
/root/baseLeon
/root/baseLeon
/root/baseLeon
/root/baseLeon
/root/baseLeon
/root/baseLeon
/root/baseLeon
/root/baseLeon
/root/baseLeon
/root/baseLeon
/root/baseLeon
/root/baseLeon
/root/baseLeon
/root/baseLeon
/root/baseLeon
/root/baseLeon
/root/baseLeon
/root/baseLeon
/root/baseLeon
/root/baseLeon
/root/baseLeon
/root/baseLeon
/root/baseLeon
/root/baseLeon
/root/baseLeon
/root/baseLeon
/root/baseLeon
/root/baseLeon
/root/baseLeon
/root/baseLeon
/root/baseLeon
/root/baseLeon
/root/baseLeon
/root/baseLeon
/root/baseLeon
/root/baseLeon
/root/baseLeon
/root/baseLeon
/root/baseLeon
/root/baseLeon
/root/baseLeon
/root/baseLeon
/root/baseLeon
/root/baseLeon
/root/baseLeon
/root/baseLeon
/root/baseLeon
/root/baseLeon
/root/baseLeon
/root/baseLeon
/root/baseLeon
/root/baseLeon
/root/baseLeon
/root/baseLeon
/root/baseLeon
/root/baseLeon
/root/baseLeon
/root/baseLeon
/root/baseLeon
/root/baseLeon
/root/baseLeon
/root/baseLeon
/root/baseLeon
/root/baseLeon
/root/baseLeon
/root/baseLeon
/root/baseLeon
/root/baseLeon
/root/baseLeon
/root/baseLeon
/root/baseLeon
/root/baseLeon
/root/baseLeon
/root/baseLeon
/root/baseLeon
/root/baseLeon
Performing system checks...

System check identified no issues (0 silenced).
March 20, 2023 - 19:58:53
Django version 4.0.2, using settings 'config.settings'
Starting development server at http://0:8000/
Quit the server with CONTROL-C.
812060

5
/root/baseLeon
/root/baseLeon
/root/baseLeon
/root/baseLeon
/root/baseLeon
/root/baseLeon
/root/baseLeon
/root/baseLeon
/root/baseLeon
/root/baseLeon
/root/baseLeon
/root/baseLeon
/root/baseLeon
/root/baseLeon
/root/baseLeon
/root/baseLeon
/root/baseLeon
/root/baseLeon
/root/baseLeon
/root/baseLeon
/root/baseLeon
/root/baseLeon
/root/baseLeon
/root/baseLeon
/root/baseLeon
/root/baseLeon
/root/baseLeon
/root/baseLeon
/root/baseLeon
/root/baseLeon
/root/baseLeon
/root/baseLeon
/root/baseLeon
/root/baseLeon
/root/baseLeon
Performing system checks...

System check identified no issues (0 silenced).
June 03, 2023 - 20:21:12
Django version 4.0.2, using settings 'config.settings'
Starting development server at http://0:8000/
Quit the server with CONTROL-C.
3
8
13
/root/baseLeon
/root/baseLeon
/root/baseLeon
/root/baseLeon
/root/baseLeon
/root/baseLeon
/root/baseLeon
/root/baseLeon
/root/baseLeon
/root/baseLeon
/root/baseLeon
/root/baseLeon
/root/baseLeon
/root/baseLeon
/root/baseLeon
/root/baseLeon
/root/baseLeon
/root/baseLeon
/root/baseLeon
/root/baseLeon
/root/baseLeon
/root/baseLeon
/root/baseLeon
/root/baseLeon
/root/baseLeon
/root/baseLeon
/root/baseLeon
/root/baseLeon
/root/baseLeon
/root/baseLeon
/root/baseLeon
/root/baseLeon
/root/baseLeon
/root/baseLeon
/root/baseLeon
/root/baseLeon
/root/baseLeon
/root/baseLeon
/root/baseLeon
/root/baseLeon
/root/baseLeon
/root/baseLeon
/root/baseLeon
/root/baseLeon
/root/baseLeon
/root/baseLeon
/root/baseLeon
/root/baseLeon
/root/baseLeon
/root/baseLeon
/root/baseLeon
/root/baseLeon
/root/baseLeon
/root/baseLeon
/root/baseLeon
/root/baseLeon
/root/baseLeon
/root/baseLeon
/root/baseLeon
/root/baseLeon
/root/baseLeon
/root/baseLeon
/root/baseLeon
/root/baseLeon
/root/baseLeon
/root/baseLeon
/root/baseLeon
/root/baseLeon
/root/baseLeon
/root/baseLeon
/root/baseLeon
/root/baseLeon
/root/baseLeon
/root/baseLeon
/root/baseLeon
/root/baseLeon
/root/baseLeon
/root/baseLeon
/root/baseLeon
/root/baseLeon
/root/baseLeon
/root/baseLeon
/root/baseLeon
/root/baseLeon
/root/baseLeon
/root/baseLeon
/root/baseLeon
/root/baseLeon
/root/baseLeon
Performing system checks...

System check identified no issues (0 silenced).
November 27, 2023 - 08:09:13
Django version 4.0.2, using settings 'config.settings'
Starting development server at http://0:8000/
Quit the server with CONTROL-C.
2
2
11
37
2
/root/baseLeon
/root/baseLeon
/root/baseLeon
/root/baseLeon
/root/baseLeon
/root/baseLeon
/root/baseLeon
/root/baseLeon
/root/baseLeon
/root/baseLeon
/root/baseLeon
/root/baseLeon
/root/baseLeon
/root/baseLeon
/root/baseLeon
/root/baseLeon
/root/baseLeon
/root/baseLeon
/root/baseLeon
/root/baseLeon
/root/baseLeon
/root/baseLeon
/root/baseLeon
/root/baseLeon
/root/baseLeon
/root/baseLeon
/root/baseLeon
/root/baseLeon
/root/baseLeon
/root/baseLeon
/root/baseLeon
/root/baseLeon
/root/baseLeon
/root/baseLeon
/root/baseLeon
/root/baseLeon
/root/baseLeon
/root/baseLeon
/root/baseLeon
/root/baseLeon
/root/baseLeon
/root/baseLeon
/root/baseLeon
/root/baseLeon
/root/baseLeon
/root/baseLeon
/root/baseLeon
/root/baseLeon
/root/baseLeon
/root/baseLeon
/root/baseLeon
/root/baseLeon
/root/baseLeon
/root/baseLeon
/root/baseLeon
/root/baseLeon
/root/baseLeon
/root/baseLeon
/root/baseLeon
/root/baseLeon
/root/baseLeon
/root/baseLeon
/root/baseLeon
/root/baseLeon
/root/baseLeon
/root/baseLeon
/root/baseLeon
/root/baseLeon
/root/baseLeon
/root/baseLeon
/root/baseLeon
/root/baseLeon
/root/baseLeon
/root/baseLeon
/root/baseLeon
/root/baseLeon
/root/baseLeon
/root/baseLeon
/root/baseLeon
/root/baseLeon
/root/baseLeon
/root/baseLeon
Performing system checks...

System check identified no issues (0 silenced).
August 09, 2024 - 16:02:08
Django version 4.0.2, using settings 'config.settings'
Starting development server at http://0:8000/
Quit the server with CONTROL-C.
16
1
Monedero Aplicado: $ 0
Monedero Otorgado $ 0
total de venta:$ 1036.18
total de costo de ventas:$ 855.78
Performing system checks...

System check identified no issues (0 silenced).
August 09, 2024 - 19:56:27
Django version 4.0.2, using settings 'config.settings'
Starting development server at http://0:8000/
Quit the server with CONTROL-C.
/root/baseLeon
Performing system checks...

System check identified no issues (0 silenced).
August 09, 2024 - 20:19:32
Django version 4.0.2, using settings 'config.settings'
Starting development server at http://0:8000/
Quit the server with CONTROL-C.
Performing system checks...

System check identified no issues (0 silenced).
August 09, 2024 - 20:22:27
Django version 4.0.2, using settings 'config.settings'
Starting development server at http://0:8000/
Quit the server with CONTROL-C.
Performing system checks...

System check identified no issues (0 silenced).
August 09, 2024 - 20:25:49
Django version 4.0.2, using settings 'config.settings'
Starting development server at http://0:8000/
Quit the server with CONTROL-C.
Performing system checks...

System check identified no issues (0 silenced).
August 09, 2024 - 20:26:15
Django version 4.0.2, using settings 'config.settings'
Starting development server at http://0:8000/
Quit the server with CONTROL-C.
Performing system checks...

System check identified no issues (0 silenced).
August 09, 2024 - 20:28:48
Django version 4.0.2, using settings 'config.settings'
Starting development server at http://0:8000/
Quit the server with CONTROL-C.
1
1004

1
/root/baseLeon
/root/baseLeon
/root/baseLeon
/root/baseLeon
/root/baseLeon
/root/baseLeon
/root/baseLeon
/root/baseLeon
/root/baseLeon
/root/baseLeon
/root/baseLeon
/root/baseLeon
/root/baseLeon
/root/baseLeon
/root/baseLeon
/root/baseLeon
/root/baseLeon
/root/baseLeon
/root/baseLeon
/root/baseLeon
/root/baseLeon
/root/baseLeon
/root/baseLeon
Performing system checks...

System check identified no issues (0 silenced).
October 05, 2024 - 14:42:27
Django version 4.0.2, using settings 'config.settings'
Starting development server at http://0:8000/
Quit the server with CONTROL-C.
2
1
5
83
40
10
Selector name or qualifier expected:: ('', '"@font-face {\\n  fon')
Selector name or qualifier expected:: ('', '"@font-face {\\n  fon')
Selector name or qualifier expected:: ('', '"@font-face {\\n  fon')
6
1
5
83
10
40
17
24
16
2
1
Monedero Aplicado: $ 0
Monedero Otorgado $ 0
total de venta:$ 1349.11
total de costo de ventas:$ 1031.07
Monedero Aplicado: $ 0
Monedero Otorgado $ 0
total de venta:$ 1349.11
total de costo de ventas:$ 1031.07
Monedero Aplicado: $ 0
Monedero Otorgado $ 0
total de venta:$ 1824.0
total de costo de ventas:$ 1553.11
Monedero Aplicado: $ 0
Monedero Otorgado $ 0
total de venta:$ 1349.11
total de costo de ventas:$ 1031.07
Monedero Aplicado: $ 0
Monedero Otorgado $ 0
total de venta:$ 1349.11
total de costo de ventas:$ 1031.07
36
2
28
3
1
2
1
9
23
18
1
3
9
38
13
17
Monedero Aplicado: $ 0
Monedero Otorgado $ 0
total de venta:$ 684.0
total de costo de ventas:$ 508.18
37
Monedero Aplicado: $ 0
Monedero Otorgado $ 0
total de venta:$ 696.0
total de costo de ventas:$ 516.1
8
6
22
17
39
1
1
1
2
2
2
2
1
322
50
40
/root/baseLeon
/root/baseLeon
/root/baseLeon
/root/baseLeon
/root/baseLeon
Performing system checks...

System check identified no issues (0 silenced).
October 17, 2024 - 18:41:46
Django version 4.0.2, using settings 'config.settings'
Starting development server at http://0:8000/
Quit the server with CONTROL-C.
Performing system checks...

System check identified no issues (0 silenced).
October 17, 2024 - 19:10:59
Django version 4.0.2, using settings 'config.settings'
Starting development server at http://0:8000/
Quit the server with CONTROL-C.
/root/baseLeon
/root/baseLeon
/root/baseLeon
/root/baseLeon
/root/baseLeon
/root/baseLeon
/root/baseLeon
/root/baseLeon
/root/baseLeon
/root/baseLeon
/root/baseLeon
/root/baseLeon
/root/baseLeon
/root/baseLeon
/root/baseLeon
/root/baseLeon
/root/baseLeon
/root/baseLeon
/root/baseLeon
/root/baseLeon
/root/baseLeon
/root/baseLeon
/root/baseLeon
/root/baseLeon
/root/baseLeon
/root/baseLeon
/root/baseLeon
/root/baseLeon
/root/baseLeon
/root/baseLeon
/root/baseLeon
/root/baseLeon
/root/baseLeon
/root/baseLeon
/root/baseLeon
/root/baseLeon
/root/baseLeon
/root/baseLeon
/root/baseLeon
/root/baseLeon
Performing system checks...

System check identified no issues (0 silenced).
October 26, 2024 - 11:12:35
Django version 4.0.2, using settings 'config.settings'
Starting development server at http://0:8000/
Quit the server with CONTROL-C.
Performing system checks...

System check identified no issues (0 silenced).
October 26, 2024 - 11:14:13
Django version 4.0.2, using settings 'config.settings'
Starting development server at http://0:8000/
Quit the server with CONTROL-C.
/root/baseLeon
/root/baseLeon
/root/baseLeon
/root/baseLeon
/root/baseLeon
/root/baseLeon
/root/baseLeon
/root/baseLeon
/root/baseLeon
/root/baseLeon
/root/baseLeon
/root/baseLeon
/root/baseLeon
/root/baseLeon
/root/baseLeon
/root/baseLeon
/root/baseLeon
/root/baseLeon
/root/baseLeon
/root/baseLeon
/root/baseLeon
/root/baseLeon
/root/baseLeon
Performing system checks...

System check identified no issues (0 silenced).
October 29, 2024 - 17:50:21
Django version 4.0.2, using settings 'config.settings'
Starting development server at http://0:8000/
Quit the server with CONTROL-C.
Monedero Aplicado: $ 0
Monedero Otorgado $ 0
total de venta:$ 558.44
total de costo de ventas:$ 397.49
Performing system checks...

/root/baseLeon
Performing system checks...

Performing system checks...

System check identified no issues (0 silenced).
October 29, 2024 - 18:10:38
Django version 4.0.2, using settings 'config.settings'
Starting development server at http://0:8000/
Quit the server with CONTROL-C.
/root/baseLeon
/root/baseLeon
Performing system checks...

System check identified no issues (0 silenced).
October 29, 2024 - 18:36:10
Django version 4.0.2, using settings 'config.settings'
Starting development server at http://0:8000/
Quit the server with CONTROL-C.
Performing system checks...

System check identified no issues (0 silenced).
October 29, 2024 - 19:07:30
Django version 4.0.2, using settings 'config.settings'
Starting development server at http://0:8000/
Quit the server with CONTROL-C.
Performing system checks...

System check identified no issues (0 silenced).
October 29, 2024 - 19:18:59
Django version 4.0.2, using settings 'config.settings'
Starting development server at http://0:8000/
Quit the server with CONTROL-C.
Performing system checks...

System check identified no issues (0 silenced).
October 29, 2024 - 19:21:03
Django version 4.0.2, using settings 'config.settings'
Starting development server at http://0:8000/
Quit the server with CONTROL-C.
Performing system checks...

Performing system checks...

/root/baseLeon
Performing system checks...

Performing system checks...

System check identified no issues (0 silenced).
October 29, 2024 - 19:27:11
Django version 4.0.2, using settings 'config.settings'
Starting development server at http://0:8000/
Quit the server with CONTROL-C.
Performing system checks...

Performing system checks...

Performing system checks...

System check identified no issues (0 silenced).
October 29, 2024 - 19:31:56
Django version 4.0.2, using settings 'config.settings'
Starting development server at http://0:8000/
Quit the server with CONTROL-C.
Performing system checks...

System check identified no issues (0 silenced).
October 29, 2024 - 19:32:47
Django version 4.0.2, using settings 'config.settings'
Starting development server at http://0:8000/
Quit the server with CONTROL-C.
/root/baseLeon
/root/baseLeon
/root/baseLeon
/root/baseLeon
/root/baseLeon
/root/baseLeon
/root/baseLeon
/root/baseLeon
Performing system checks...

System check identified no issues (0 silenced).
October 31, 2024 - 10:10:44
Django version 4.0.2, using settings 'config.settings'
Starting development server at http://0:8000/
Quit the server with CONTROL-C.
Performing system checks...

System check identified no issues (0 silenced).
October 31, 2024 - 10:14:18
Django version 4.0.2, using settings 'config.settings'
Starting development server at http://0:8000/
Quit the server with CONTROL-C.
Performing system checks...

System check identified no issues (0 silenced).
October 31, 2024 - 10:15:04
Django version 4.0.2, using settings 'config.settings'
Starting development server at http://0:8000/
Quit the server with CONTROL-C.
Performing system checks...

System check identified no issues (0 silenced).
October 31, 2024 - 10:15:34
Django version 4.0.2, using settings 'config.settings'
Starting development server at http://0:8000/
Quit the server with CONTROL-C.
/root/baseLeon
/root/baseLeon
/root/baseLeon
/root/baseLeon
/root/baseLeon
/root/baseLeon
/root/baseLeon
/root/baseLeon
/root/baseLeon
/root/baseLeon
/root/baseLeon
/root/baseLeon
/root/baseLeon
/root/baseLeon
/root/baseLeon
/root/baseLeon
/root/baseLeon
/root/baseLeon
/root/baseLeon
/root/baseLeon
/root/baseLeon
/root/baseLeon
/root/baseLeon
/root/baseLeon
/root/baseLeon
/root/baseLeon
/root/baseLeon
/root/baseLeon
/root/baseLeon
/root/baseLeon
/root/baseLeon
/root/baseLeon
/root/baseLeon
/root/baseLeon
/root/baseLeon
/root/baseLeon
/root/baseLeon
Performing system checks...

System check identified no issues (0 silenced).
November 05, 2024 - 17:59:40
Django version 4.0.2, using settings 'config.settings'
Starting development server at http://0:8000/
Quit the server with CONTROL-C.
/root/baseLeon
/root/baseLeon
/root/baseLeon
/root/baseLeon
/root/baseLeon
/root/baseLeon
/root/baseLeon
/root/baseLeon
/root/baseLeon
/root/baseLeon
/root/baseLeon
/root/baseLeon
/root/baseLeon
/root/baseLeon
/root/baseLeon
/root/baseLeon
/root/baseLeon
/root/baseLeon
/root/baseLeon
/root/baseLeon
/root/baseLeon
/root/baseLeon
/root/baseLeon
/root/baseLeon
/root/baseLeon
/root/baseLeon
/root/baseLeon
/root/baseLeon
/root/baseLeon
/root/baseLeon
/root/baseLeon
/root/baseLeon
/root/baseLeon
/root/baseLeon
/root/baseLeon
/root/baseLeon
